e:\source\repos\project1\x64\debug\vc143.pdb
e:\source\repos\project1\x64\debug\vc143.idb
e:\source\repos\project1\x64\debug\3.4.obj
e:\source\repos\project1\x64\debug\3.3.obj
e:\source\repos\project1\x64\debug\3.2.obj
e:\source\repos\project1\x64\debug\3.5.obj
e:\source\repos\project1\x64\debug\3.6.obj
e:\source\repos\project1\x64\debug\3.7.obj
e:\source\repos\project1\x64\debug\3.8.obj
e:\source\repos\project1\x64\debug\结构体案例1.obj
e:\source\repos\project1\x64\debug\结构体案例2.obj
e:\source\repos\project1\x64\debug\project1.exe
e:\source\repos\project1\x64\debug\project1.ilk
e:\source\repos\project1\x64\debug\project1.pdb
e:\source\repos\project1\x64\debug\project1.tlog\cl.command.1.tlog
e:\source\repos\project1\x64\debug\project1.tlog\cl.items.tlog
e:\source\repos\project1\x64\debug\project1.tlog\cl.read.1.tlog
e:\source\repos\project1\x64\debug\project1.tlog\cl.write.1.tlog
e:\source\repos\project1\x64\debug\project1.tlog\link.command.1.tlog
e:\source\repos\project1\x64\debug\project1.tlog\link.read.1.tlog
e:\source\repos\project1\x64\debug\project1.tlog\link.write.1.tlog
